2025-11-20 21:58:15,030 - uvicorn.error - INFO - Started server process [9476]
2025-11-20 21:58:15,030 - uvicorn.error - INFO - Waiting for application startup.
2025-11-20 21:58:15,031 - uvicorn - INFO - 应用启动中...
2025-11-20 21:58:15,031 - uvicorn - INFO - 日志系统初始化完成
2025-11-20 21:58:15,031 - uvicorn.error - INFO - Application startup complete.
2025-11-20 21:58:39,021 - uvicorn - INFO - 请求开始: GET http://localhost:8000/
2025-11-20 21:58:39,022 - uvicorn - INFO - 函数 goto_login_page 开始执行
2025-11-20 21:58:39,025 - uvicorn - INFO - 函数 goto_login_page 执行完成，响应数据: <starlette.templating._TemplateResponse object at 0x000001CDFB285F10>
2025-11-20 21:58:39,026 - uvicorn - INFO - 请求完成: GET http://localhost:8000/ 状态码: 200 耗时: 0.00s
2025-11-20 21:58:39,128 - uvicorn - INFO - 请求开始: GET http://localhost:8000/login
2025-11-20 21:58:39,130 - uvicorn - INFO - 请求完成: GET http://localhost:8000/login 状态码: 200 耗时: 0.00s
2025-11-20 21:58:39,227 - uvicorn - INFO - 请求开始: GET http://localhost:8000/api/verify
2025-11-20 21:58:39,229 - uvicorn - INFO - 请求完成: GET http://localhost:8000/api/verify 状态码: 401 耗时: 0.00s
2025-11-20 21:59:04,829 - uvicorn - INFO - 请求开始: POST http://localhost:8000/api/login
2025-11-20 21:59:05,117 - uvicorn - INFO - 请求完成: POST http://localhost:8000/api/login 状态码: 200 耗时: 0.29s
2025-11-20 21:59:06,171 - uvicorn - INFO - 请求开始: GET http://localhost:8000/index
2025-11-20 21:59:06,174 - uvicorn - INFO - 请求完成: GET http://localhost:8000/index 状态码: 200 耗时: 0.00s
2025-11-20 21:59:06,335 - uvicorn - INFO - 请求开始: GET http://localhost:8000/api/verify
2025-11-20 21:59:06,337 - uvicorn - INFO - 请求完成: GET http://localhost:8000/api/verify 状态码: 200 耗时: 0.00s
2025-11-20 21:59:13,144 - uvicorn - INFO - 请求开始: GET http://localhost:8000/index
2025-11-20 21:59:13,147 - uvicorn - INFO - 请求完成: GET http://localhost:8000/index 状态码: 200 耗时: 0.00s
2025-11-20 21:59:13,268 - uvicorn - INFO - 请求开始: GET http://localhost:8000/api/verify
2025-11-20 21:59:13,269 - uvicorn - INFO - 请求完成: GET http://localhost:8000/api/verify 状态码: 200 耗时: 0.00s
2025-11-20 21:59:16,344 - uvicorn - INFO - 请求开始: GET http://localhost:8000/logs
2025-11-20 21:59:16,345 - uvicorn - INFO - 请求完成: GET http://localhost:8000/logs 状态码: 404 耗时: 0.00s
2025-11-20 21:59:19,375 - uvicorn - INFO - 请求开始: GET http://localhost:8000/docs
2025-11-20 21:59:19,377 - uvicorn - INFO - 请求完成: GET http://localhost:8000/docs 状态码: 200 耗时: 0.00s
2025-11-20 21:59:19,841 - uvicorn - INFO - 请求开始: GET http://localhost:8000/openapi.json
2025-11-20 21:59:19,885 - uvicorn - INFO - 请求完成: GET http://localhost:8000/openapi.json 状态码: 200 耗时: 0.04s
2025-11-20 21:59:43,440 - uvicorn - INFO - 请求开始: GET http://localhost:8000/logs
2025-11-20 21:59:43,441 - uvicorn - INFO - 请求完成: GET http://localhost:8000/logs 状态码: 404 耗时: 0.00s
2025-11-20 22:00:06,223 - uvicorn.error - INFO - Shutting down
2025-11-20 22:00:06,333 - uvicorn.error - INFO - Waiting for application shutdown.
2025-11-20 22:00:06,334 - uvicorn - INFO - 应用关闭中...
2025-11-20 22:00:06,334 - uvicorn - INFO - 日志系统关闭
2025-11-20 22:00:06,334 - uvicorn.error - INFO - Application shutdown complete.
2025-11-20 22:00:06,334 - uvicorn.error - INFO - Finished server process [9476]
